OpenJDK 64-Bit Server VM warning: Archived non-system classes are disabled because the java.system.class.loader property is specified (value = "com.intellij.util.lang.PathClassLoader"). To use archived non-system classes, this property must not be set
CompileCommand: exclude com/intellij/openapi/vfs/impl/FilePartNodeRoot.trieDescend bool exclude = true
2023-08-09 21:23:16,913 [    359]   WARN - #c.i.o.e.i.FontFamilyServiceImpl - no such method: sun.font.Font2D.getTypographicFamilyName()String/invokeVirtual
java.lang.NoSuchMethodException: no such method: sun.font.Font2D.getTypographicFamilyName()String/invokeVirtual
	at java.base/java.lang.invoke.MemberName.makeAccessException(MemberName.java:915)
	at java.base/java.lang.invoke.MemberName$Factory.resolveOrFail(MemberName.java:994)
	at java.base/java.lang.invoke.MethodHandles$Lookup.resolveOrFail(MethodHandles.java:3663)
	at java.base/java.lang.invoke.MethodHandles$Lookup.findVirtual(MethodHandles.java:2689)
	at com.intellij.util.MethodHandleUtil.getPublicMethod(MethodHandleUtil.kt:21)
	at com.intellij.openapi.editor.impl.FontFamilyServiceImpl.getFont2dMethod(FontFamilyServiceImpl.java:247)
	at com.intellij.openapi.editor.impl.FontFamilyServiceImpl.<clinit>(FontFamilyServiceImpl.java:45)
	at java.base/jdk.internal.misc.Unsafe.ensureClassInitialized0(Native Method)
	at java.base/jdk.internal.misc.Unsafe.ensureClassInitialized(Unsafe.java:1160)
	at java.base/jdk.internal.reflect.MethodHandleAccessorFactory.ensureClassInitialized(MethodHandleAccessorFactory.java:300)
	at java.base/jdk.internal.reflect.MethodHandleAccessorFactory.newConstructorAccessor(MethodHandleAccessorFactory.java:103)
	at java.base/jdk.internal.reflect.ReflectionFactory.newConstructorAccessor(ReflectionFactory.java:200)
	at java.base/java.lang.reflect.Constructor.acquireConstructorAccessor(Constructor.java:547)
	at java.base/java.lang.reflect.Constructor.newInstanceWithCaller(Constructor.java:497)
	at java.base/java.lang.reflect.Constructor.newInstance(Constructor.java:484)
	at com.intellij.serviceContainer.ConstructorInjectionKt.instantiateUsingPicoContainer(constructorInjection.kt:63)
	at com.intellij.serviceContainer.ComponentManagerImpl.instantiateClassWithConstructorInjection(ComponentManagerImpl.kt:1011)
	at com.intellij.serviceContainer.ServiceComponentAdapter.createAndInitialize(ServiceComponentAdapter.kt:47)
	at com.intellij.serviceContainer.ServiceComponentAdapter.doCreateInstance(ServiceComponentAdapter.kt:43)
	at com.intellij.serviceContainer.BaseComponentAdapter.doCreateInstance(BaseComponentAdapter.kt:158)
	at com.intellij.serviceContainer.BaseComponentAdapter.createInstance(BaseComponentAdapter.kt:137)
	at com.intellij.serviceContainer.BaseComponentAdapter.access$createInstance(BaseComponentAdapter.kt:21)
	at com.intellij.serviceContainer.BaseComponentAdapter$getInstanceAsync$2.invokeSuspend(BaseComponentAdapter.kt:185)
	at com.intellij.serviceContainer.BaseComponentAdapter$getInstanceAsync$2.invoke(BaseComponentAdapter.kt)
	at com.intellij.serviceContainer.BaseComponentAdapter$getInstanceAsync$2.invoke(BaseComponentAdapter.kt)
	at kotlinx.coroutines.intrinsics.UndispatchedKt.startUndispatchedOrReturn(Undispatched.kt:78)
	at kotlinx.coroutines.BuildersKt__Builders_commonKt.withContext(Builders.common.kt:167)
	at kotlinx.coroutines.BuildersKt.withContext(Unknown Source)
	at com.intellij.serviceContainer.BaseComponentAdapter.getInstanceAsync(BaseComponentAdapter.kt:180)
	at com.intellij.serviceContainer.ComponentManagerImpl.preloadService$suspendImpl(ComponentManagerImpl.kt:1162)
	at com.intellij.serviceContainer.ComponentManagerImpl.preloadService(ComponentManagerImpl.kt)
	at com.intellij.serviceContainer.ComponentManagerImpl$preloadServices$1.invokeSuspend(ComponentManagerImpl.kt:1146)
	at kotlin.coroutines.jvm.internal.BaseContinuationImpl.resumeWith(ContinuationImpl.kt:33)
	at kotlinx.coroutines.DispatchedTask.run(DispatchedTask.kt:106)
	at kotlinx.coroutines.scheduling.CoroutineScheduler.runSafely(CoroutineScheduler.kt:584)
	at kotlinx.coroutines.scheduling.CoroutineScheduler$Worker.executeTask(CoroutineScheduler.kt:793)
	at kotlinx.coroutines.scheduling.CoroutineScheduler$Worker.runWorker(CoroutineScheduler.kt:697)
	at kotlinx.coroutines.scheduling.CoroutineScheduler$Worker.run(CoroutineScheduler.kt:684)
Caused by: java.lang.NoSuchMethodError: 'java.lang.String sun.font.Font2D.getTypographicFamilyName()'
	at java.base/java.lang.invoke.MethodHandleNatives.resolve(Native Method)
	at java.base/java.lang.invoke.MemberName$Factory.resolve(MemberName.java:962)
	at java.base/java.lang.invoke.MemberName$Factory.resolveOrFail(MemberName.java:991)
	... 36 more
2023-08-09 21:23:16,948 [    394]   WARN - #c.i.o.e.i.FontFamilyServiceImpl - no such method: sun.font.Font2D.getTypographicSubfamilyName()String/invokeVirtual
java.lang.NoSuchMethodException: no such method: sun.font.Font2D.getTypographicSubfamilyName()String/invokeVirtual
	at java.base/java.lang.invoke.MemberName.makeAccessException(MemberName.java:915)
	at java.base/java.lang.invoke.MemberName$Factory.resolveOrFail(MemberName.java:994)
	at java.base/java.lang.invoke.MethodHandles$Lookup.resolveOrFail(MethodHandles.java:3663)
	at java.base/java.lang.invoke.MethodHandles$Lookup.findVirtual(MethodHandles.java:2689)
	at com.intellij.util.MethodHandleUtil.getPublicMethod(MethodHandleUtil.kt:21)
	at com.intellij.openapi.editor.impl.FontFamilyServiceImpl.getFont2dMethod(FontFamilyServiceImpl.java:247)
	at com.intellij.openapi.editor.impl.FontFamilyServiceImpl.<clinit>(FontFamilyServiceImpl.java:46)
	at java.base/jdk.internal.misc.Unsafe.ensureClassInitialized0(Native Method)
	at java.base/jdk.internal.misc.Unsafe.ensureClassInitialized(Unsafe.java:1160)
	at java.base/jdk.internal.reflect.MethodHandleAccessorFactory.ensureClassInitialized(MethodHandleAccessorFactory.java:300)
	at java.base/jdk.internal.reflect.MethodHandleAccessorFactory.newConstructorAccessor(MethodHandleAccessorFactory.java:103)
	at java.base/jdk.internal.reflect.ReflectionFactory.newConstructorAccessor(ReflectionFactory.java:200)
	at java.base/java.lang.reflect.Constructor.acquireConstructorAccessor(Constructor.java:547)
	at java.base/java.lang.reflect.Constructor.newInstanceWithCaller(Constructor.java:497)
	at java.base/java.lang.reflect.Constructor.newInstance(Constructor.java:484)
	at com.intellij.serviceContainer.ConstructorInjectionKt.instantiateUsingPicoContainer(constructorInjection.kt:63)
	at com.intellij.serviceContainer.ComponentManagerImpl.instantiateClassWithConstructorInjection(ComponentManagerImpl.kt:1011)
	at com.intellij.serviceContainer.ServiceComponentAdapter.createAndInitialize(ServiceComponentAdapter.kt:47)
	at com.intellij.serviceContainer.ServiceComponentAdapter.doCreateInstance(ServiceComponentAdapter.kt:43)
	at com.intellij.serviceContainer.BaseComponentAdapter.doCreateInstance(BaseComponentAdapter.kt:158)
	at com.intellij.serviceContainer.BaseComponentAdapter.createInstance(BaseComponentAdapter.kt:137)
	at com.intellij.serviceContainer.BaseComponentAdapter.access$createInstance(BaseComponentAdapter.kt:21)
	at com.intellij.serviceContainer.BaseComponentAdapter$getInstanceAsync$2.invokeSuspend(BaseComponentAdapter.kt:185)
	at com.intellij.serviceContainer.BaseComponentAdapter$getInstanceAsync$2.invoke(BaseComponentAdapter.kt)
	at com.intellij.serviceContainer.BaseComponentAdapter$getInstanceAsync$2.invoke(BaseComponentAdapter.kt)
	at kotlinx.coroutines.intrinsics.UndispatchedKt.startUndispatchedOrReturn(Undispatched.kt:78)
	at kotlinx.coroutines.BuildersKt__Builders_commonKt.withContext(Builders.common.kt:167)
	at kotlinx.coroutines.BuildersKt.withContext(Unknown Source)
	at com.intellij.serviceContainer.BaseComponentAdapter.getInstanceAsync(BaseComponentAdapter.kt:180)
	at com.intellij.serviceContainer.ComponentManagerImpl.preloadService$suspendImpl(ComponentManagerImpl.kt:1162)
	at com.intellij.serviceContainer.ComponentManagerImpl.preloadService(ComponentManagerImpl.kt)
	at com.intellij.serviceContainer.ComponentManagerImpl$preloadServices$1.invokeSuspend(ComponentManagerImpl.kt:1146)
	at kotlin.coroutines.jvm.internal.BaseContinuationImpl.resumeWith(ContinuationImpl.kt:33)
	at kotlinx.coroutines.DispatchedTask.run(DispatchedTask.kt:106)
	at kotlinx.coroutines.scheduling.CoroutineScheduler.runSafely(CoroutineScheduler.kt:584)
	at kotlinx.coroutines.scheduling.CoroutineScheduler$Worker.executeTask(CoroutineScheduler.kt:793)
	at kotlinx.coroutines.scheduling.CoroutineScheduler$Worker.runWorker(CoroutineScheduler.kt:697)
	at kotlinx.coroutines.scheduling.CoroutineScheduler$Worker.run(CoroutineScheduler.kt:684)
Caused by: java.lang.NoSuchMethodError: 'java.lang.String sun.font.Font2D.getTypographicSubfamilyName()'
	at java.base/java.lang.invoke.MethodHandleNatives.resolve(Native Method)
	at java.base/java.lang.invoke.MemberName$Factory.resolve(MemberName.java:962)
	at java.base/java.lang.invoke.MemberName$Factory.resolveOrFail(MemberName.java:991)
	... 36 more
2023-08-09 21:23:16,976 [    422]   WARN - #c.i.o.e.i.FontFamilyServiceImpl - Couldn't access required runtime API, will fall back to basic logic of font selection
2023-08-09 21:23:17,640 [   1086]   WARN - #c.i.c.ComponentStoreImpl - Duplicated scheme Light - old: Light, new Light
2023-08-09 21:23:18,777 [   2223]   WARN - #c.i.o.w.i.s.w.StatusBarWidgetsManager - com.maddyhome.idea.vim.ui.ShowCmdStatusBarWidgetFactory doesn't define id for extension (point=com.intellij.statusBarWidgetFactory). Please specify `id` attribute.
Info  | RdCoroutineScope          | 50:DefaultDispatcher-worker-30 | RdCoroutineHost overridden 
2023-08-09 21:23:18,791 [   2237]   WARN - #c.i.o.w.i.s.w.StatusBarWidgetsManager - com.maddyhome.idea.vim.ui.StatusBarIconFactory doesn't define id for extension (point=com.intellij.statusBarWidgetFactory). Please specify `id` attribute.
2023-08-09 21:23:18,862 [   2308]   WARN - #c.i.u.j.JBCefApp - JCefAppConfig.class is not from a JBR module, url: jar:file:/opt/clion/lib/lib-client.jar!/com/jetbrains/cef/JCefAppConfig.class (Use JBR bundled with the IDE)
2023-08-09 21:23:33,713 [  17159]   WARN - #c.i.u.x.Binding - no accessors for com.intellij.openapi.projectRoots.Sdk
2023-08-09 21:24:02,423 [  45869]   WARN - #kotlinx.coroutines.CoroutineScope - Cannot wait for a ready scroll pane, scroll now
2023-08-09 21:41:55,572 [1119018]   WARN - #c.i.u.x.Binding - no accessors for java.time.LocalTime
